--------------- ⏬⏬⏬⏬⏬ pull 开始执行[2022-07-07 10:19:23] ⏬⏬⏬⏬⏬ ----------------
Already up to date.
-e --------------- ⏬⏬⏬⏬⏬ pull 执行结束时间[2022-07-07 10:19:28] ⏬⏬⏬⏬⏬ ----------------
.

--------------- ⏬⏬⏬⏬⏬ pull 开始执行[2022-07-07 10:20:29] ⏬⏬⏬⏬⏬ ----------------
Already up to date.
-e --------------- ⏬⏬⏬⏬⏬ pull 执行结束时间[2022-07-07 10:20:33] ⏬⏬⏬⏬⏬ ----------------
.

--------------- ⏬⏬⏬⏬⏬ pull 开始执行[2022-07-07 10:21:38] ⏬⏬⏬⏬⏬ ----------------
Already up to date.
-e --------------- ⏬⏬⏬⏬⏬ pull 执行结束时间[2022-07-07 10:21:44] ⏬⏬⏬⏬⏬ ----------------
.

--------------- ⏫⏫⏫⏫⏫ push 开始执行[2022-07-07 10:22:05] ⏫⏫⏫⏫⏫ ----------------
[master 0bfb0c9] 自动同步[at 2022-07-07 10:22:05]
 1 file changed, 1 insertion(+)
To github.com:samingzhong/xcode-setting.git
   b828b38..0bfb0c9  master -> master
-e --------------- ⏫⏫⏫⏫⏫ push 执行结束时间[2022-07-07 10:22:11] ⏫⏫⏫⏫⏫ ----------------
.
--------------- ⏫⏫⏫⏫⏫ push 开始执行[2022-07-07 10:25:13] ⏫⏫⏫⏫⏫ ----------------
[master 817a2a0] 自动同步[at 2022-07-07 10:25:13]
 3 files changed, 25 insertions(+), 6 deletions(-)
To github.com:samingzhong/xcode-setting.git
   92bb2a9..817a2a0  master -> master
--------------- ⏫⏫⏫⏫⏫ push 执行结束时间[2022-07-07 10:25:19] ⏫⏫⏫⏫⏫ ----------------
.
--------------- ⏫⏫⏫⏫⏫ push 开始执行[2022-07-07 10:27:17] ⏫⏫⏫⏫⏫ ----------------
[master f862e68] 自动同步[at 2022-07-07 10:27:17]
 2 files changed, 1 insertion(+)
 delete mode 100644 .syn_tools/a
To github.com:samingzhong/xcode-setting.git
   e862fe8..f862e68  master -> master
--------------- ⏫⏫⏫⏫⏫ push 执行结束时间[2022-07-07 10:27:22] ⏫⏫⏫⏫⏫ ----------------
.
