running script .inner_tools/git_push...
$0:.inner_tools/git_push
$1:/Users/samingzhong/Library/Developer/Xcode/UserData
exit_if_target_dir_not_exit...
--------------- ⏫⏫⏫⏫⏫ 目标仓库：/Users/samingzhong/Library/Developer/Xcode/UserData ⏫⏫⏫⏫⏫ ----------------
--------------- ⏫⏫⏫⏫⏫ push 开始执行[2022-07-11 18:16:23] ⏫⏫⏫⏫⏫ ----------------
当前目录:/Users/samingzhong/Library/Developer/Xcode/UserData
The following paths are ignored by one of your .gitignore files:
IB Support
IDEPreferencesController.xcuserstate
hint: Use -f if you really want to add them.
hint: Turn this message off by running
hint: "git config advice.addIgnoredFile false"
fatal: No pathspec was given. Which files should I remove?
[master 6186bd0] 自动同步(push)[at 2022-07-11 18:16:23]
 1 file changed, 13 insertions(+)
 create mode 100644 .syn.log
To github.com:samingzhong/xcode-setting.git
   db6597c..6186bd0  master -> master
--------------- ⏫⏫⏫⏫⏫ 目标仓库：/Users/samingzhong/Library/Developer/Xcode/UserData ⏫⏫⏫⏫⏫ ----------------
--------------- ⏫⏫⏫⏫⏫ push 执行结束时间[2022-07-11 18:16:27] ⏫⏫⏫⏫⏫ ----------------

running script .inner_tools/git_push...
$0:.inner_tools/git_push
$1:/Users/samingzhong/Library/Developer/Xcode/UserData
exit_if_target_dir_not_exit...
--------------- ⏫⏫⏫⏫⏫ 目标仓库：/Users/samingzhong/Library/Developer/Xcode/UserData ⏫⏫⏫⏫⏫ ----------------
--------------- ⏫⏫⏫⏫⏫ push 开始执行[2022-07-11 18:17:28] ⏫⏫⏫⏫⏫ ----------------
当前目录:/Users/samingzhong/Library/Developer/Xcode/UserData
The following paths are ignored by one of your .gitignore files:
IB Support
IDEPreferencesController.xcuserstate
hint: Use -f if you really want to add them.
hint: Turn this message off by running
hint: "git config advice.addIgnoredFile false"
fatal: No pathspec was given. Which files should I remove?
[master 88820ac] 自动同步(push)[at 2022-07-11 18:17:28]
 2 files changed, 22 insertions(+), 280 deletions(-)
 delete mode 100644 syn.log
To github.com:samingzhong/xcode-setting.git
   6186bd0..88820ac  master -> master
--------------- ⏫⏫⏫⏫⏫ 目标仓库：/Users/samingzhong/Library/Developer/Xcode/UserData ⏫⏫⏫⏫⏫ ----------------
--------------- ⏫⏫⏫⏫⏫ push 执行结束时间[2022-07-11 18:17:33] ⏫⏫⏫⏫⏫ ----------------

